Analysis & Synthesis report for pipelined_computer
Sat Jun 13 00:28:33 2020
Quartus II 64-Bit Version 13.0.0 Build 156 04/24/2013 SJ Web Edition


---------------------
; Table of Contents ;
---------------------
  1. Legal Notice
  2. Analysis & Synthesis Summary
  3. Analysis & Synthesis Settings
  4. Parallel Compilation
  5. Analysis & Synthesis Source Files Read
  6. Analysis & Synthesis Resource Usage Summary
  7. Analysis & Synthesis Resource Utilization by Entity
  8. Analysis & Synthesis RAM Summary
  9. Analysis & Synthesis IP Cores Summary
 10. Registers Removed During Synthesis
 11. General Register Statistics
 12. Multiplexer Restructuring Statistics (Restructuring Performed)
 13. Source assignments for pipeif:if_stage|lpm_rom_irom:irom|altsyncram:altsyncram_component|altsyncram_mfc1:auto_generated
 14. Source assignments for pipemem:mem_stage|lpm_ram_dq_dram:dram|altsyncram:altsyncram_component|altsyncram_3uf1:auto_generated
 15. Parameter Settings for User Entity Instance: pipeif:if_stage|lpm_rom_irom:irom|altsyncram:altsyncram_component
 16. Parameter Settings for User Entity Instance: pipemem:mem_stage|lpm_ram_dq_dram:dram|altsyncram:altsyncram_component
 17. altsyncram Parameter Settings by Entity Instance
 18. Port Connectivity Checks: "pipemem:mem_stage"
 19. Port Connectivity Checks: "pipeexe:exe_stage|alu:alu_unit"
 20. Elapsed Time Per Partition
 21. Analysis & Synthesis Messages



----------------
; Legal Notice ;
----------------
Copyright (C) 1991-2013 Altera Corporation
Your use of Altera Corporation's design tools, logic functions 
and other software and tools, and its AMPP partner logic 
functions, and any output files from any of the foregoing 
(including device programming or simulation files), and any 
associated documentation or information are expressly subject 
to the terms and conditions of the Altera Program License 
Subscription Agreement, Altera MegaCore Function License 
Agreement, or other applicable license agreement, including, 
without limitation, that your use is for the sole purpose of 
programming logic devices manufactured by Altera and sold by 
Altera or its authorized distributors.  Please refer to the 
applicable agreement for further details.



+---------------------------------------------------------------------------------+
; Analysis & Synthesis Summary                                                    ;
+------------------------------------+--------------------------------------------+
; Analysis & Synthesis Status        ; Successful - Sat Jun 13 00:28:33 2020      ;
; Quartus II 64-Bit Version          ; 13.0.0 Build 156 04/24/2013 SJ Web Edition ;
; Revision Name                      ; pipelined_computer                         ;
; Top-level Entity Name              ; pipelined_computer                         ;
; Family                             ; Cyclone II                                 ;
; Total logic elements               ; 4,319                                      ;
;     Total combinational functions  ; 3,095                                      ;
;     Dedicated logic registers      ; 1,499                                      ;
; Total registers                    ; 1499                                       ;
; Total pins                         ; 369                                        ;
; Total virtual pins                 ; 0                                          ;
; Total memory bits                  ; 3,072                                      ;
; Embedded Multiplier 9-bit elements ; 0                                          ;
; Total PLLs                         ; 0                                          ;
+------------------------------------+--------------------------------------------+


+----------------------------------------------------------------------------------------------------------------------+
; Analysis & Synthesis Settings                                                                                        ;
+----------------------------------------------------------------------------+--------------------+--------------------+
; Option                                                                     ; Setting            ; Default Value      ;
+----------------------------------------------------------------------------+--------------------+--------------------+
; Top-level entity name                                                      ; pipelined_computer ; pipelined_computer ;
; Family name                                                                ; Cyclone II         ; Cyclone IV GX      ;
; Use smart compilation                                                      ; Off                ; Off                ;
; Enable parallel Assembler and TimeQuest Timing Analyzer during compilation ; On                 ; On                 ;
; Enable compact report table                                                ; Off                ; Off                ;
; Restructure Multiplexers                                                   ; Auto               ; Auto               ;
; Create Debugging Nodes for IP Cores                                        ; Off                ; Off                ;
; Preserve fewer node names                                                  ; On                 ; On                 ;
; Disable OpenCore Plus hardware evaluation                                  ; Off                ; Off                ;
; Verilog Version                                                            ; Verilog_2001       ; Verilog_2001       ;
; VHDL Version                                                               ; VHDL_1993          ; VHDL_1993          ;
; State Machine Processing                                                   ; Auto               ; Auto               ;
; Safe State Machine                                                         ; Off                ; Off                ;
; Extract Verilog State Machines                                             ; On                 ; On                 ;
; Extract VHDL State Machines                                                ; On                 ; On                 ;
; Ignore Verilog initial constructs                                          ; Off                ; Off                ;
; Iteration limit for constant Verilog loops                                 ; 5000               ; 5000               ;
; Iteration limit for non-constant Verilog loops                             ; 250                ; 250                ;
; Add Pass-Through Logic to Inferred RAMs                                    ; On                 ; On                 ;
; Infer RAMs from Raw Logic                                                  ; On                 ; On                 ;
; Parallel Synthesis                                                         ; On                 ; On                 ;
; DSP Block Balancing                                                        ; Auto               ; Auto               ;
; NOT Gate Push-Back                                                         ; On                 ; On                 ;
; Power-Up Don't Care                                                        ; On                 ; On                 ;
; Remove Redundant Logic Cells                                               ; Off                ; Off                ;
; Remove Duplicate Registers                                                 ; On                 ; On                 ;
; Ignore CARRY Buffers                                                       ; Off                ; Off                ;
; Ignore CASCADE Buffers                                                     ; Off                ; Off                ;
; Ignore GLOBAL Buffers                                                      ; Off                ; Off                ;
; Ignore ROW GLOBAL Buffers                                                  ; Off                ; Off                ;
; Ignore LCELL Buffers                                                       ; Off                ; Off                ;
; Ignore SOFT Buffers                                                        ; On                 ; On                 ;
; Limit AHDL Integers to 32 Bits                                             ; Off                ; Off                ;
; Optimization Technique                                                     ; Balanced           ; Balanced           ;
; Carry Chain Length                                                         ; 70                 ; 70                 ;
; Auto Carry Chains                                                          ; On                 ; On                 ;
; Auto Open-Drain Pins                                                       ; On                 ; On                 ;
; Perform WYSIWYG Primitive Resynthesis                                      ; Off                ; Off                ;
; Auto ROM Replacement                                                       ; On                 ; On                 ;
; Auto RAM Replacement                                                       ; On                 ; On                 ;
; Auto Shift Register Replacement                                            ; Auto               ; Auto               ;
; Allow Shift Register Merging across Hierarchies                            ; Auto               ; Auto               ;
; Auto Clock Enable Replacement                                              ; On                 ; On                 ;
; Strict RAM Replacement                                                     ; Off                ; Off                ;
; Allow Synchronous Control Signals                                          ; On                 ; On                 ;
; Force Use of Synchronous Clear Signals                                     ; Off                ; Off                ;
; Auto RAM to Logic Cell Conversion                                          ; Off                ; Off                ;
; Auto Resource Sharing                                                      ; Off                ; Off                ;
; Allow Any RAM Size For Recognition                                         ; Off                ; Off                ;
; Allow Any ROM Size For Recognition                                         ; Off                ; Off                ;
; Allow Any Shift Register Size For Recognition                              ; Off                ; Off                ;
; Use LogicLock Constraints during Resource Balancing                        ; On                 ; On                 ;
; Ignore translate_off and synthesis_off directives                          ; Off                ; Off                ;
; Timing-Driven Synthesis                                                    ; Off                ; Off                ;
; Report Parameter Settings                                                  ; On                 ; On                 ;
; Report Source Assignments                                                  ; On                 ; On                 ;
; Report Connectivity Checks                                                 ; On                 ; On                 ;
; Ignore Maximum Fan-Out Assignments                                         ; Off                ; Off                ;
; Synchronization Register Chain Length                                      ; 2                  ; 2                  ;
; PowerPlay Power Optimization                                               ; Normal compilation ; Normal compilation ;
; HDL message level                                                          ; Level2             ; Level2             ;
; Suppress Register Optimization Related Messages                            ; Off                ; Off                ;
; Number of Removed Registers Reported in Synthesis Report                   ; 5000               ; 5000               ;
; Number of Swept Nodes Reported in Synthesis Report                         ; 5000               ; 5000               ;
; Number of Inverted Registers Reported in Synthesis Report                  ; 100                ; 100                ;
; Clock MUX Protection                                                       ; On                 ; On                 ;
; Auto Gated Clock Conversion                                                ; Off                ; Off                ;
; Block Design Naming                                                        ; Auto               ; Auto               ;
; SDC constraint protection                                                  ; Off                ; Off                ;
; Synthesis Effort                                                           ; Auto               ; Auto               ;
; Shift Register Replacement - Allow Asynchronous Clear Signal               ; On                 ; On                 ;
; Pre-Mapping Resynthesis Optimization                                       ; Off                ; Off                ;
; Analysis & Synthesis Message Level                                         ; Medium             ; Medium             ;
; Disable Register Merging Across Hierarchies                                ; Auto               ; Auto               ;
; Resource Aware Inference For Block RAM                                     ; On                 ; On                 ;
; Synthesis Seed                                                             ; 1                  ; 1                  ;
+----------------------------------------------------------------------------+--------------------+--------------------+


Parallel compilation was disabled, but you have multiple processors available. Enable parallel compilation to reduce compilation time.
+-------------------------------------+
; Parallel Compilation                ;
+----------------------------+--------+
; Processors                 ; Number ;
+----------------------------+--------+
; Number detected on machine ; 12     ;
; Maximum allowed            ; 1      ;
+----------------------------+--------+


+---------------------------------------------------------------------------------------------------------------------------------------------------------------------------+
; Analysis & Synthesis Source Files Read                                                                                                                                    ;
+----------------------------------+-----------------+----------------------------------+-------------------------------------------------------------------------+---------+
; File Name with User-Entered Path ; Used in Netlist ; File Type                        ; File Name with Absolute Path                                            ; Library ;
+----------------------------------+-----------------+----------------------------------+-------------------------------------------------------------------------+---------+
; source/sc_instmem.mif            ; yes             ; User Memory Initialization File  ; F:/Computer composition/experiment/PIPE_CPU/source/sc_instmem.mif       ;         ;
; source/pipe_cu.v                 ; yes             ; User Verilog HDL File            ; F:/Computer composition/experiment/PIPE_CPU/source/pipe_cu.v            ;         ;
; source/sc_datamem.mif            ; yes             ; User Memory Initialization File  ; F:/Computer composition/experiment/PIPE_CPU/source/sc_datamem.mif       ;         ;
; source/regfile.v                 ; yes             ; User Verilog HDL File            ; F:/Computer composition/experiment/PIPE_CPU/source/regfile.v            ;         ;
; source/pipepc.v                  ; yes             ; User Verilog HDL File            ; F:/Computer composition/experiment/PIPE_CPU/source/pipepc.v             ;         ;
; source/pipemwreg.v               ; yes             ; User Verilog HDL File            ; F:/Computer composition/experiment/PIPE_CPU/source/pipemwreg.v          ;         ;
; source/pipemem.v                 ; yes             ; User Verilog HDL File            ; F:/Computer composition/experiment/PIPE_CPU/source/pipemem.v            ;         ;
; source/pipeir.v                  ; yes             ; User Verilog HDL File            ; F:/Computer composition/experiment/PIPE_CPU/source/pipeir.v             ;         ;
; source/pipeif.v                  ; yes             ; User Verilog HDL File            ; F:/Computer composition/experiment/PIPE_CPU/source/pipeif.v             ;         ;
; source/pipeid.v                  ; yes             ; User Verilog HDL File            ; F:/Computer composition/experiment/PIPE_CPU/source/pipeid.v             ;         ;
; source/pipeexe.v                 ; yes             ; User Verilog HDL File            ; F:/Computer composition/experiment/PIPE_CPU/source/pipeexe.v            ;         ;
; source/pipeemreg.v               ; yes             ; User Verilog HDL File            ; F:/Computer composition/experiment/PIPE_CPU/source/pipeemreg.v          ;         ;
; source/pipedereg.v               ; yes             ; User Verilog HDL File            ; F:/Computer composition/experiment/PIPE_CPU/source/pipedereg.v          ;         ;
; source/mux4x32.v                 ; yes             ; User Verilog HDL File            ; F:/Computer composition/experiment/PIPE_CPU/source/mux4x32.v            ;         ;
; source/mux2x32.v                 ; yes             ; User Verilog HDL File            ; F:/Computer composition/experiment/PIPE_CPU/source/mux2x32.v            ;         ;
; source/mux2x5.v                  ; yes             ; User Verilog HDL File            ; F:/Computer composition/experiment/PIPE_CPU/source/mux2x5.v             ;         ;
; source/lpm_rom_irom.v            ; yes             ; User Wizard-Generated File       ; F:/Computer composition/experiment/PIPE_CPU/source/lpm_rom_irom.v       ;         ;
; source/lpm_ram_dq_dram.v         ; yes             ; User Wizard-Generated File       ; F:/Computer composition/experiment/PIPE_CPU/source/lpm_ram_dq_dram.v    ;         ;
; source/io_output_reg.v           ; yes             ; User Verilog HDL File            ; F:/Computer composition/experiment/PIPE_CPU/source/io_output_reg.v      ;         ;
; source/io_input_reg.v            ; yes             ; User Verilog HDL File            ; F:/Computer composition/experiment/PIPE_CPU/source/io_input_reg.v       ;         ;
; source/alu.v                     ; yes             ; User Verilog HDL File            ; F:/Computer composition/experiment/PIPE_CPU/source/alu.v                ;         ;
; source/pipelined_computer.v      ; yes             ; User Verilog HDL File            ; F:/Computer composition/experiment/PIPE_CPU/source/pipelined_computer.v ;         ;
; altsyncram.tdf                   ; yes             ; Megafunction                     ; d:/altera/13.0/quartus/libraries/megafunctions/altsyncram.tdf           ;         ;
; stratix_ram_block.inc            ; yes             ; Megafunction                     ; d:/altera/13.0/quartus/libraries/megafunctions/stratix_ram_block.inc    ;         ;
; lpm_mux.inc                      ; yes             ; Megafunction                     ; d:/altera/13.0/quartus/libraries/megafunctions/lpm_mux.inc              ;         ;
; lpm_decode.inc                   ; yes             ; Megafunction                     ; d:/altera/13.0/quartus/libraries/megafunctions/lpm_decode.inc           ;         ;
; aglobal130.inc                   ; yes             ; Megafunction                     ; d:/altera/13.0/quartus/libraries/megafunctions/aglobal130.inc           ;         ;
; a_rdenreg.inc                    ; yes             ; Megafunction                     ; d:/altera/13.0/quartus/libraries/megafunctions/a_rdenreg.inc            ;         ;
; altrom.inc                       ; yes             ; Megafunction                     ; d:/altera/13.0/quartus/libraries/megafunctions/altrom.inc               ;         ;
; altram.inc                       ; yes             ; Megafunction                     ; d:/altera/13.0/quartus/libraries/megafunctions/altram.inc               ;         ;
; altdpram.inc                     ; yes             ; Megafunction                     ; d:/altera/13.0/quartus/libraries/megafunctions/altdpram.inc             ;         ;
; db/altsyncram_mfc1.tdf           ; yes             ; Auto-Generated Megafunction      ; F:/Computer composition/experiment/PIPE_CPU/db/altsyncram_mfc1.tdf      ;         ;
; db/altsyncram_3uf1.tdf           ; yes             ; Auto-Generated Megafunction      ; F:/Computer composition/experiment/PIPE_CPU/db/altsyncram_3uf1.tdf      ;         ;
+----------------------------------+-----------------+----------------------------------+-------------------------------------------------------------------------+---------+


+-----------------------------------------------------+
; Analysis & Synthesis Resource Usage Summary         ;
+---------------------------------------------+-------+
; Resource                                    ; Usage ;
+---------------------------------------------+-------+
; Estimated Total logic elements              ; 4,319 ;
;                                             ;       ;
; Total combinational functions               ; 3095  ;
; Logic element usage by number of LUT inputs ;       ;
;     -- 4 input functions                    ; 2099  ;
;     -- 3 input functions                    ; 471   ;
;     -- <=2 input functions                  ; 525   ;
;                                             ;       ;
; Logic elements by mode                      ;       ;
;     -- normal mode                          ; 2630  ;
;     -- arithmetic mode                      ; 465   ;
;                                             ;       ;
; Total registers                             ; 1499  ;
;     -- Dedicated logic registers            ; 1499  ;
;     -- I/O registers                        ; 0     ;
;                                             ;       ;
; I/O pins                                    ; 369   ;
; Total memory bits                           ; 3072  ;
; Embedded Multiplier 9-bit elements          ; 0     ;
; Maximum fan-out node                        ; clock ;
; Maximum fan-out                             ; 1564  ;
; Total fan-out                               ; 17312 ;
; Average fan-out                             ; 3.44  ;
+---------------------------------------------+-------+


+-----------------------------------------------------------------------------------------------------------------------------------------------------------------------------------------------------------------------------------------------------------------------------------------------------+
; Analysis & Synthesis Resource Utilization by Entity                                                                                                                                                                                                                                                 ;
+----------------------------------------------+-------------------+--------------+-------------+--------------+---------+-----------+------+--------------+---------------------------------------------------------------------------------------------------------------------------+--------------+
; Compilation Hierarchy Node                   ; LC Combinationals ; LC Registers ; Memory Bits ; DSP Elements ; DSP 9x9 ; DSP 18x18 ; Pins ; Virtual Pins ; Full Hierarchy Name                                                                                                       ; Library Name ;
+----------------------------------------------+-------------------+--------------+-------------+--------------+---------+-----------+------+--------------+---------------------------------------------------------------------------------------------------------------------------+--------------+
; |pipelined_computer                          ; 3095 (0)          ; 1499 (0)     ; 3072        ; 0            ; 0       ; 0         ; 369  ; 0            ; |pipelined_computer                                                                                                       ;              ;
;    |mux2x32:wb_stage|                        ; 32 (32)           ; 0 (0)        ; 0           ; 0            ; 0       ; 0         ; 0    ; 0            ; |pipelined_computer|mux2x32:wb_stage                                                                                      ;              ;
;    |pipedereg:de_reg|                        ; 0 (0)             ; 128 (128)    ; 0           ; 0            ; 0       ; 0         ; 0    ; 0            ; |pipelined_computer|pipedereg:de_reg                                                                                      ;              ;
;    |pipeemreg:em_reg|                        ; 0 (0)             ; 72 (72)      ; 0           ; 0            ; 0       ; 0         ; 0    ; 0            ; |pipelined_computer|pipeemreg:em_reg                                                                                      ;              ;
;    |pipeexe:exe_stage|                       ; 1270 (5)          ; 0 (0)        ; 0           ; 0            ; 0       ; 0         ; 0    ; 0            ; |pipelined_computer|pipeexe:exe_stage                                                                                     ;              ;
;       |alu:alu_unit|                         ; 905 (905)         ; 0 (0)        ; 0           ; 0            ; 0       ; 0         ; 0    ; 0            ; |pipelined_computer|pipeexe:exe_stage|alu:alu_unit                                                                        ;              ;
;       |mux2x32:alu_a|                        ; 20 (20)           ; 0 (0)        ; 0           ; 0            ; 0       ; 0         ; 0    ; 0            ; |pipelined_computer|pipeexe:exe_stage|mux2x32:alu_a                                                                       ;              ;
;       |mux2x32:alu_b|                        ; 33 (33)           ; 0 (0)        ; 0           ; 0            ; 0       ; 0         ; 0    ; 0            ; |pipelined_computer|pipeexe:exe_stage|mux2x32:alu_b                                                                       ;              ;
;       |mux2x32:link|                         ; 307 (307)         ; 0 (0)        ; 0           ; 0            ; 0       ; 0         ; 0    ; 0            ; |pipelined_computer|pipeexe:exe_stage|mux2x32:link                                                                        ;              ;
;    |pipeid:id_stage|                         ; 1585 (58)         ; 992 (0)      ; 0           ; 0            ; 0       ; 0         ; 0    ; 0            ; |pipelined_computer|pipeid:id_stage                                                                                       ;              ;
;       |mux2x5:reg_wn|                        ; 5 (5)             ; 0 (0)        ; 0           ; 0            ; 0       ; 0         ; 0    ; 0            ; |pipelined_computer|pipeid:id_stage|mux2x5:reg_wn                                                                         ;              ;
;       |mux4x32:reg_da|                       ; 710 (710)         ; 0 (0)        ; 0           ; 0            ; 0       ; 0         ; 0    ; 0            ; |pipelined_computer|pipeid:id_stage|mux4x32:reg_da                                                                        ;              ;
;       |mux4x32:reg_db|                       ; 710 (710)         ; 0 (0)        ; 0           ; 0            ; 0       ; 0         ; 0    ; 0            ; |pipelined_computer|pipeid:id_stage|mux4x32:reg_db                                                                        ;              ;
;       |pipe_cu:cu|                           ; 67 (67)           ; 0 (0)        ; 0           ; 0            ; 0       ; 0         ; 0    ; 0            ; |pipelined_computer|pipeid:id_stage|pipe_cu:cu                                                                            ;              ;
;       |regfile:rf|                           ; 35 (35)           ; 992 (992)    ; 0           ; 0            ; 0       ; 0         ; 0    ; 0            ; |pipelined_computer|pipeid:id_stage|regfile:rf                                                                            ;              ;
;    |pipeif:if_stage|                         ; 96 (30)           ; 0 (0)        ; 2048        ; 0            ; 0       ; 0         ; 0    ; 0            ; |pipelined_computer|pipeif:if_stage                                                                                       ;              ;
;       |lpm_rom_irom:irom|                    ; 0 (0)             ; 0 (0)        ; 2048        ; 0            ; 0       ; 0         ; 0    ; 0            ; |pipelined_computer|pipeif:if_stage|lpm_rom_irom:irom                                                                     ;              ;
;          |altsyncram:altsyncram_component|   ; 0 (0)             ; 0 (0)        ; 2048        ; 0            ; 0       ; 0         ; 0    ; 0            ; |pipelined_computer|pipeif:if_stage|lpm_rom_irom:irom|altsyncram:altsyncram_component                                     ;              ;
;             |altsyncram_mfc1:auto_generated| ; 0 (0)             ; 0 (0)        ; 2048        ; 0            ; 0       ; 0         ; 0    ; 0            ; |pipelined_computer|pipeif:if_stage|lpm_rom_irom:irom|altsyncram:altsyncram_component|altsyncram_mfc1:auto_generated      ;              ;
;       |mux4x32:nextpc|                       ; 66 (66)           ; 0 (0)        ; 0           ; 0            ; 0       ; 0         ; 0    ; 0            ; |pipelined_computer|pipeif:if_stage|mux4x32:nextpc                                                                        ;              ;
;    |pipeir:inst_reg|                         ; 33 (33)           ; 64 (64)      ; 0           ; 0            ; 0       ; 0         ; 0    ; 0            ; |pipelined_computer|pipeir:inst_reg                                                                                       ;              ;
;    |pipemem:mem_stage|                       ; 46 (1)            ; 140 (0)      ; 1024        ; 0            ; 0       ; 0         ; 0    ; 0            ; |pipelined_computer|pipemem:mem_stage                                                                                     ;              ;
;       |io_input_reg:io_input_seg|            ; 3 (0)             ; 12 (12)      ; 0           ; 0            ; 0       ; 0         ; 0    ; 0            ; |pipelined_computer|pipemem:mem_stage|io_input_reg:io_input_seg                                                           ;              ;
;          |io_input_mux:io_imput_mux2x32|     ; 3 (3)             ; 0 (0)        ; 0           ; 0            ; 0       ; 0         ; 0    ; 0            ; |pipelined_computer|pipemem:mem_stage|io_input_reg:io_input_seg|io_input_mux:io_imput_mux2x32                             ;              ;
;       |io_output_reg:io_output_seg|          ; 4 (4)             ; 128 (128)    ; 0           ; 0            ; 0       ; 0         ; 0    ; 0            ; |pipelined_computer|pipemem:mem_stage|io_output_reg:io_output_seg                                                         ;              ;
;       |lpm_ram_dq_dram:dram|                 ; 0 (0)             ; 0 (0)        ; 1024        ; 0            ; 0       ; 0         ; 0    ; 0            ; |pipelined_computer|pipemem:mem_stage|lpm_ram_dq_dram:dram                                                                ;              ;
;          |altsyncram:altsyncram_component|   ; 0 (0)             ; 0 (0)        ; 1024        ; 0            ; 0       ; 0         ; 0    ; 0            ; |pipelined_computer|pipemem:mem_stage|lpm_ram_dq_dram:dram|altsyncram:altsyncram_component                                ;              ;
;             |altsyncram_3uf1:auto_generated| ; 0 (0)             ; 0 (0)        ; 1024        ; 0            ; 0       ; 0         ; 0    ; 0            ; |pipelined_computer|pipemem:mem_stage|lpm_ram_dq_dram:dram|altsyncram:altsyncram_component|altsyncram_3uf1:auto_generated ;              ;
;       |mux2x32:mem_io_dataout_mux|           ; 38 (38)           ; 0 (0)        ; 0           ; 0            ; 0       ; 0         ; 0    ; 0            ; |pipelined_computer|pipemem:mem_stage|mux2x32:mem_io_dataout_mux                                                          ;              ;
;    |pipemwreg:mw_reg|                        ; 0 (0)             ; 71 (71)      ; 0           ; 0            ; 0       ; 0         ; 0    ; 0            ; |pipelined_computer|pipemwreg:mw_reg                                                                                      ;              ;
;    |pipepc:prog_cnt|                         ; 33 (33)           ; 32 (32)      ; 0           ; 0            ; 0       ; 0         ; 0    ; 0            ; |pipelined_computer|pipepc:prog_cnt                                                                                       ;              ;
+----------------------------------------------+-------------------+--------------+-------------+--------------+---------+-----------+------+--------------+---------------------------------------------------------------------------------------------------------------------------+--------------+
Note: For table entries with two numbers listed, the numbers in parentheses indicate the number of resources of the given type used by the specific entity alone. The numbers listed outside of parentheses indicate the total resources of the given type used by the specific entity and all of its sub-entities in the hierarchy.


+------------------------------------------------------------------------------------------------------------------------------------------------------------------------------------------------------------------------------------+
; Analysis & Synthesis RAM Summary                                                                                                                                                                                                   ;
+------------------------------------------------------------------------------------------------------------------+------+-------------+--------------+--------------+--------------+--------------+------+-------------------------+
; Name                                                                                                             ; Type ; Mode        ; Port A Depth ; Port A Width ; Port B Depth ; Port B Width ; Size ; MIF                     ;
+------------------------------------------------------------------------------------------------------------------+------+-------------+--------------+--------------+--------------+--------------+------+-------------------------+
; pipeif:if_stage|lpm_rom_irom:irom|altsyncram:altsyncram_component|altsyncram_mfc1:auto_generated|ALTSYNCRAM      ; M4K  ; ROM         ; 64           ; 32           ; --           ; --           ; 2048 ; ./source/sc_instmem.mif ;
; pipemem:mem_stage|lpm_ram_dq_dram:dram|altsyncram:altsyncram_component|altsyncram_3uf1:auto_generated|ALTSYNCRAM ; M4K  ; Single Port ; 32           ; 32           ; --           ; --           ; 1024 ; ./source/sc_datamem.mif ;
+------------------------------------------------------------------------------------------------------------------+------+-------------+--------------+--------------+--------------+--------------+------+-------------------------+


+---------------------------------------------------------------------------------------------------------------------------------------------------------------------------------------------------+
; Analysis & Synthesis IP Cores Summary                                                                                                                                                             ;
+--------+--------------+---------+--------------+--------------+------------------------------------------------------------+----------------------------------------------------------------------+
; Vendor ; IP Core Name ; Version ; Release Date ; License Type ; Entity Instance                                            ; IP Include File                                                      ;
+--------+--------------+---------+--------------+--------------+------------------------------------------------------------+----------------------------------------------------------------------+
; Altera ; LPM_ROM      ; N/A     ; N/A          ; N/A          ; |pipelined_computer|pipeif:if_stage|lpm_rom_irom:irom      ; F:/Computer composition/experiment/PIPE_CPU/source/lpm_rom_irom.v    ;
; Altera ; LPM_RAM_DQ   ; N/A     ; N/A          ; N/A          ; |pipelined_computer|pipemem:mem_stage|lpm_ram_dq_dram:dram ; F:/Computer composition/experiment/PIPE_CPU/source/lpm_ram_dq_dram.v ;
+--------+--------------+---------+--------------+--------------+------------------------------------------------------------+----------------------------------------------------------------------+


+-----------------------------------------------------------------------------------------------------+
; Registers Removed During Synthesis                                                                  ;
+------------------------------------------------------------+----------------------------------------+
; Register name                                              ; Reason for Removal                     ;
+------------------------------------------------------------+----------------------------------------+
; pipemem:mem_stage|io_input_reg:io_input_seg|in_reg1[6..31] ; Stuck at GND due to stuck port data_in ;
; pipemem:mem_stage|io_input_reg:io_input_seg|in_reg0[6..31] ; Stuck at GND due to stuck port data_in ;
; pipedereg:de_reg|esa[5..31]                                ; Stuck at GND due to stuck port data_in ;
; pipedereg:de_reg|eimm[6]                                   ; Merged with pipedereg:de_reg|esa[0]    ;
; pipedereg:de_reg|eimm[16..30]                              ; Merged with pipedereg:de_reg|eimm[31]  ;
; pipedereg:de_reg|esa[4]                                    ; Merged with pipedereg:de_reg|eimm[10]  ;
; pipedereg:de_reg|esa[3]                                    ; Merged with pipedereg:de_reg|eimm[9]   ;
; pipedereg:de_reg|esa[2]                                    ; Merged with pipedereg:de_reg|eimm[8]   ;
; pipedereg:de_reg|esa[1]                                    ; Merged with pipedereg:de_reg|eimm[7]   ;
; Total Number of Removed Registers = 99                     ;                                        ;
+------------------------------------------------------------+----------------------------------------+


+------------------------------------------------------+
; General Register Statistics                          ;
+----------------------------------------------+-------+
; Statistic                                    ; Value ;
+----------------------------------------------+-------+
; Total registers                              ; 1499  ;
; Number of registers using Synchronous Clear  ; 0     ;
; Number of registers using Synchronous Load   ; 0     ;
; Number of registers using Asynchronous Clear ; 1455  ;
; Number of registers using Asynchronous Load  ; 0     ;
; Number of registers using Clock Enable       ; 1216  ;
; Number of registers using Preset             ; 0     ;
+----------------------------------------------+-------+


+------------------------------------------------------------------------------------------------------------------------------------------------------------------------+
; Multiplexer Restructuring Statistics (Restructuring Performed)                                                                                                         ;
+--------------------+-----------+---------------+----------------------+------------------------+------------+----------------------------------------------------------+
; Multiplexer Inputs ; Bus Width ; Baseline Area ; Area if Restructured ; Saving if Restructured ; Registered ; Example Multiplexer Output                               ;
+--------------------+-----------+---------------+----------------------+------------------------+------------+----------------------------------------------------------+
; 3:1                ; 32 bits   ; 64 LEs        ; 32 LEs               ; 32 LEs                 ; Yes        ; |pipelined_computer|pipepc:prog_cnt|pc[6]                ;
; 3:1                ; 32 bits   ; 64 LEs        ; 32 LEs               ; 32 LEs                 ; Yes        ; |pipelined_computer|pipeir:inst_reg|inst[1]              ;
; 3:1                ; 2 bits    ; 4 LEs         ; 4 LEs                ; 0 LEs                  ; No         ; |pipelined_computer|pipeid:id_stage|pipe_cu:cu|fwda[0]   ;
; 3:1                ; 2 bits    ; 4 LEs         ; 4 LEs                ; 0 LEs                  ; No         ; |pipelined_computer|pipeid:id_stage|pipe_cu:cu|fwdb[0]   ;
; 4:1                ; 2 bits    ; 4 LEs         ; 4 LEs                ; 0 LEs                  ; No         ; |pipelined_computer|pipeif:if_stage|mux4x32:nextpc|Mux30 ;
; 4:1                ; 30 bits   ; 60 LEs        ; 60 LEs               ; 0 LEs                  ; No         ; |pipelined_computer|pipeif:if_stage|mux4x32:nextpc|Mux6  ;
; 5:1                ; 16 bits   ; 48 LEs        ; 16 LEs               ; 32 LEs                 ; No         ; |pipelined_computer|pipeexe:exe_stage|alu:alu_unit|Add30 ;
; 5:1                ; 31 bits   ; 93 LEs        ; 62 LEs               ; 31 LEs                 ; No         ; |pipelined_computer|pipeexe:exe_stage|alu:alu_unit|Add30 ;
; 35:1               ; 32 bits   ; 736 LEs       ; 704 LEs              ; 32 LEs                 ; No         ; |pipelined_computer|pipeid:id_stage|mux4x32:reg_db|Mux15 ;
; 35:1               ; 32 bits   ; 736 LEs       ; 704 LEs              ; 32 LEs                 ; No         ; |pipelined_computer|pipeid:id_stage|mux4x32:reg_da|Mux30 ;
; 3:1                ; 16 bits   ; 32 LEs        ; 16 LEs               ; 16 LEs                 ; No         ; |pipelined_computer|pipeexe:exe_stage|alu:alu_unit|Add30 ;
; 24:1               ; 7 bits    ; 112 LEs       ; 56 LEs               ; 56 LEs                 ; No         ; |pipelined_computer|pipeexe:exe_stage|mux2x32:link|y[8]  ;
; 25:1               ; 4 bits    ; 64 LEs        ; 32 LEs               ; 32 LEs                 ; No         ; |pipelined_computer|pipeexe:exe_stage|mux2x32:link|y[6]  ;
; 26:1               ; 2 bits    ; 34 LEs        ; 20 LEs               ; 14 LEs                 ; No         ; |pipelined_computer|pipeexe:exe_stage|mux2x32:link|y[3]  ;
; 19:1               ; 7 bits    ; 84 LEs        ; 63 LEs               ; 21 LEs                 ; No         ; |pipelined_computer|pipeexe:exe_stage|mux2x32:link|y[17] ;
; 20:1               ; 4 bits    ; 52 LEs        ; 36 LEs               ; 16 LEs                 ; No         ; |pipelined_computer|pipeexe:exe_stage|mux2x32:link|y[24] ;
; 21:1               ; 2 bits    ; 28 LEs        ; 20 LEs               ; 8 LEs                  ; No         ; |pipelined_computer|pipeexe:exe_stage|mux2x32:link|y[28] ;
+--------------------+-----------+---------------+----------------------+------------------------+------------+----------------------------------------------------------+


+-------------------------------------------------------------------------------------------------------------------------+
; Source assignments for pipeif:if_stage|lpm_rom_irom:irom|altsyncram:altsyncram_component|altsyncram_mfc1:auto_generated ;
+---------------------------------+--------------------+------+-----------------------------------------------------------+
; Assignment                      ; Value              ; From ; To                                                        ;
+---------------------------------+--------------------+------+-----------------------------------------------------------+
; OPTIMIZE_POWER_DURING_SYNTHESIS ; NORMAL_COMPILATION ; -    ; -                                                         ;
+---------------------------------+--------------------+------+-----------------------------------------------------------+


+------------------------------------------------------------------------------------------------------------------------------+
; Source assignments for pipemem:mem_stage|lpm_ram_dq_dram:dram|altsyncram:altsyncram_component|altsyncram_3uf1:auto_generated ;
+---------------------------------+--------------------+------+----------------------------------------------------------------+
; Assignment                      ; Value              ; From ; To                                                             ;
+---------------------------------+--------------------+------+----------------------------------------------------------------+
; OPTIMIZE_POWER_DURING_SYNTHESIS ; NORMAL_COMPILATION ; -    ; -                                                              ;
+---------------------------------+--------------------+------+----------------------------------------------------------------+


+----------------------------------------------------------------------------------------------------------------+
; Parameter Settings for User Entity Instance: pipeif:if_stage|lpm_rom_irom:irom|altsyncram:altsyncram_component ;
+------------------------------------+-------------------------+-------------------------------------------------+
; Parameter Name                     ; Value                   ; Type                                            ;
+------------------------------------+-------------------------+-------------------------------------------------+
; BYTE_SIZE_BLOCK                    ; 8                       ; Untyped                                         ;
; AUTO_CARRY_CHAINS                  ; ON                      ; AUTO_CARRY                                      ;
; IGNORE_CARRY_BUFFERS               ; OFF                     ; IGNORE_CARRY                                    ;
; AUTO_CASCADE_CHAINS                ; ON                      ; AUTO_CASCADE                                    ;
; IGNORE_CASCADE_BUFFERS             ; OFF                     ; IGNORE_CASCADE                                  ;
; WIDTH_BYTEENA                      ; 1                       ; Untyped                                         ;
; OPERATION_MODE                     ; ROM                     ; Untyped                                         ;
; WIDTH_A                            ; 32                      ; Signed Integer                                  ;
; WIDTHAD_A                          ; 6                       ; Signed Integer                                  ;
; NUMWORDS_A                         ; 64                      ; Signed Integer                                  ;
; OUTDATA_REG_A                      ; UNREGISTERED            ; Untyped                                         ;
; ADDRESS_ACLR_A                     ; NONE                    ; Untyped                                         ;
; OUTDATA_ACLR_A                     ; NONE                    ; Untyped                                         ;
; WRCONTROL_ACLR_A                   ; NONE                    ; Untyped                                         ;
; INDATA_ACLR_A                      ; NONE                    ; Untyped                                         ;
; BYTEENA_ACLR_A                     ; NONE                    ; Untyped                                         ;
; WIDTH_B                            ; 1                       ; Untyped                                         ;
; WIDTHAD_B                          ; 1                       ; Untyped                                         ;
; NUMWORDS_B                         ; 1                       ; Untyped                                         ;
; INDATA_REG_B                       ; CLOCK1                  ; Untyped                                         ;
; WRCONTROL_WRADDRESS_REG_B          ; CLOCK1                  ; Untyped                                         ;
; RDCONTROL_REG_B                    ; CLOCK1                  ; Untyped                                         ;
; ADDRESS_REG_B                      ; CLOCK1                  ; Untyped                                         ;
; OUTDATA_REG_B                      ; UNREGISTERED            ; Untyped                                         ;
; BYTEENA_REG_B                      ; CLOCK1                  ; Untyped                                         ;
; INDATA_ACLR_B                      ; NONE                    ; Untyped                                         ;
; WRCONTROL_ACLR_B                   ; NONE                    ; Untyped                                         ;
; ADDRESS_ACLR_B                     ; NONE                    ; Untyped                                         ;
; OUTDATA_ACLR_B                     ; NONE                    ; Untyped                                         ;
; RDCONTROL_ACLR_B                   ; NONE                    ; Untyped                                         ;
; BYTEENA_ACLR_B                     ; NONE                    ; Untyped                                         ;
; WIDTH_BYTEENA_A                    ; 1                       ; Signed Integer                                  ;
; WIDTH_BYTEENA_B                    ; 1                       ; Untyped                                         ;
; RAM_BLOCK_TYPE                     ; M4K                     ; Untyped                                         ;
; BYTE_SIZE                          ; 8                       ; Untyped                                         ;
; READ_DURING_WRITE_MODE_MIXED_PORTS ; DONT_CARE               ; Untyped                                         ;
; READ_DURING_WRITE_MODE_PORT_A      ; NEW_DATA_NO_NBE_READ    ; Untyped                                         ;
; READ_DURING_WRITE_MODE_PORT_B      ; NEW_DATA_NO_NBE_READ    ; Untyped                                         ;
; INIT_FILE                          ; ./source/sc_instmem.mif ; Untyped                                         ;
; INIT_FILE_LAYOUT                   ; PORT_A                  ; Untyped                                         ;
; MAXIMUM_DEPTH                      ; 256                     ; Signed Integer                                  ;
; CLOCK_ENABLE_INPUT_A               ; BYPASS                  ; Untyped                                         ;
; CLOCK_ENABLE_INPUT_B               ; NORMAL                  ; Untyped                                         ;
; CLOCK_ENABLE_OUTPUT_A              ; BYPASS                  ; Untyped                                         ;
; CLOCK_ENABLE_OUTPUT_B              ; NORMAL                  ; Untyped                                         ;
; CLOCK_ENABLE_CORE_A                ; USE_INPUT_CLKEN         ; Untyped                                         ;
; CLOCK_ENABLE_CORE_B                ; USE_INPUT_CLKEN         ; Untyped                                         ;
; ENABLE_ECC                         ; FALSE                   ; Untyped                                         ;
; ECC_PIPELINE_STAGE_ENABLED         ; FALSE                   ; Untyped                                         ;
; WIDTH_ECCSTATUS                    ; 3                       ; Untyped                                         ;
; DEVICE_FAMILY                      ; Cyclone II              ; Untyped                                         ;
; CBXI_PARAMETER                     ; altsyncram_mfc1         ; Untyped                                         ;
+------------------------------------+-------------------------+-------------------------------------------------+
Note: In order to hide this table in the UI and the text report file, please set the "Show Parameter Settings in Synthesis Report" option in "Analysis and Synthesis Settings -> More Settings" to "Off".


+---------------------------------------------------------------------------------------------------------------------+
; Parameter Settings for User Entity Instance: pipemem:mem_stage|lpm_ram_dq_dram:dram|altsyncram:altsyncram_component ;
+------------------------------------+-------------------------+------------------------------------------------------+
; Parameter Name                     ; Value                   ; Type                                                 ;
+------------------------------------+-------------------------+------------------------------------------------------+
; BYTE_SIZE_BLOCK                    ; 8                       ; Untyped                                              ;
; AUTO_CARRY_CHAINS                  ; ON                      ; AUTO_CARRY                                           ;
; IGNORE_CARRY_BUFFERS               ; OFF                     ; IGNORE_CARRY                                         ;
; AUTO_CASCADE_CHAINS                ; ON                      ; AUTO_CASCADE                                         ;
; IGNORE_CASCADE_BUFFERS             ; OFF                     ; IGNORE_CASCADE                                       ;
; WIDTH_BYTEENA                      ; 1                       ; Untyped                                              ;
; OPERATION_MODE                     ; SINGLE_PORT             ; Untyped                                              ;
; WIDTH_A                            ; 32                      ; Signed Integer                                       ;
; WIDTHAD_A                          ; 5                       ; Signed Integer                                       ;
; NUMWORDS_A                         ; 32                      ; Signed Integer                                       ;
; OUTDATA_REG_A                      ; UNREGISTERED            ; Untyped                                              ;
; ADDRESS_ACLR_A                     ; NONE                    ; Untyped                                              ;
; OUTDATA_ACLR_A                     ; NONE                    ; Untyped                                              ;
; WRCONTROL_ACLR_A                   ; NONE                    ; Untyped                                              ;
; INDATA_ACLR_A                      ; NONE                    ; Untyped                                              ;
; BYTEENA_ACLR_A                     ; NONE                    ; Untyped                                              ;
; WIDTH_B                            ; 1                       ; Untyped                                              ;
; WIDTHAD_B                          ; 1                       ; Untyped                                              ;
; NUMWORDS_B                         ; 1                       ; Untyped                                              ;
; INDATA_REG_B                       ; CLOCK1                  ; Untyped                                              ;
; WRCONTROL_WRADDRESS_REG_B          ; CLOCK1                  ; Untyped                                              ;
; RDCONTROL_REG_B                    ; CLOCK1                  ; Untyped                                              ;
; ADDRESS_REG_B                      ; CLOCK1                  ; Untyped                                              ;
; OUTDATA_REG_B                      ; UNREGISTERED            ; Untyped                                              ;
; BYTEENA_REG_B                      ; CLOCK1                  ; Untyped                                              ;
; INDATA_ACLR_B                      ; NONE                    ; Untyped                                              ;
; WRCONTROL_ACLR_B                   ; NONE                    ; Untyped                                              ;
; ADDRESS_ACLR_B                     ; NONE                    ; Untyped                                              ;
; OUTDATA_ACLR_B                     ; NONE                    ; Untyped                                              ;
; RDCONTROL_ACLR_B                   ; NONE                    ; Untyped                                              ;
; BYTEENA_ACLR_B                     ; NONE                    ; Untyped                                              ;
; WIDTH_BYTEENA_A                    ; 1                       ; Signed Integer                                       ;
; WIDTH_BYTEENA_B                    ; 1                       ; Untyped                                              ;
; RAM_BLOCK_TYPE                     ; M4K                     ; Untyped                                              ;
; BYTE_SIZE                          ; 8                       ; Untyped                                              ;
; READ_DURING_WRITE_MODE_MIXED_PORTS ; DONT_CARE               ; Untyped                                              ;
; READ_DURING_WRITE_MODE_PORT_A      ; NEW_DATA_NO_NBE_READ    ; Untyped                                              ;
; READ_DURING_WRITE_MODE_PORT_B      ; NEW_DATA_NO_NBE_READ    ; Untyped                                              ;
; INIT_FILE                          ; ./source/sc_datamem.mif ; Untyped                                              ;
; INIT_FILE_LAYOUT                   ; PORT_A                  ; Untyped                                              ;
; MAXIMUM_DEPTH                      ; 0                       ; Untyped                                              ;
; CLOCK_ENABLE_INPUT_A               ; BYPASS                  ; Untyped                                              ;
; CLOCK_ENABLE_INPUT_B               ; NORMAL                  ; Untyped                                              ;
; CLOCK_ENABLE_OUTPUT_A              ; BYPASS                  ; Untyped                                              ;
; CLOCK_ENABLE_OUTPUT_B              ; NORMAL                  ; Untyped                                              ;
; CLOCK_ENABLE_CORE_A                ; USE_INPUT_CLKEN         ; Untyped                                              ;
; CLOCK_ENABLE_CORE_B                ; USE_INPUT_CLKEN         ; Untyped                                              ;
; ENABLE_ECC                         ; FALSE                   ; Untyped                                              ;
; ECC_PIPELINE_STAGE_ENABLED         ; FALSE                   ; Untyped                                              ;
; WIDTH_ECCSTATUS                    ; 3                       ; Untyped                                              ;
; DEVICE_FAMILY                      ; Cyclone II              ; Untyped                                              ;
; CBXI_PARAMETER                     ; altsyncram_3uf1         ; Untyped                                              ;
+------------------------------------+-------------------------+------------------------------------------------------+
Note: In order to hide this table in the UI and the text report file, please set the "Show Parameter Settings in Synthesis Report" option in "Analysis and Synthesis Settings -> More Settings" to "Off".


+--------------------------------------------------------------------------------------------------------------------+
; altsyncram Parameter Settings by Entity Instance                                                                   ;
+-------------------------------------------+------------------------------------------------------------------------+
; Name                                      ; Value                                                                  ;
+-------------------------------------------+------------------------------------------------------------------------+
; Number of entity instances                ; 2                                                                      ;
; Entity Instance                           ; pipeif:if_stage|lpm_rom_irom:irom|altsyncram:altsyncram_component      ;
;     -- OPERATION_MODE                     ; ROM                                                                    ;
;     -- WIDTH_A                            ; 32                                                                     ;
;     -- NUMWORDS_A                         ; 64                                                                     ;
;     -- OUTDATA_REG_A                      ; UNREGISTERED                                                           ;
;     -- WIDTH_B                            ; 1                                                                      ;
;     -- NUMWORDS_B                         ; 1                                                                      ;
;     -- ADDRESS_REG_B                      ; CLOCK1                                                                 ;
;     -- OUTDATA_REG_B                      ; UNREGISTERED                                                           ;
;     -- RAM_BLOCK_TYPE                     ; M4K                                                                    ;
;     -- READ_DURING_WRITE_MODE_MIXED_PORTS ; DONT_CARE                                                              ;
; Entity Instance                           ; pipemem:mem_stage|lpm_ram_dq_dram:dram|altsyncram:altsyncram_component ;
;     -- OPERATION_MODE                     ; SINGLE_PORT                                                            ;
;     -- WIDTH_A                            ; 32                                                                     ;
;     -- NUMWORDS_A                         ; 32                                                                     ;
;     -- OUTDATA_REG_A                      ; UNREGISTERED                                                           ;
;     -- WIDTH_B                            ; 1                                                                      ;
;     -- NUMWORDS_B                         ; 1                                                                      ;
;     -- ADDRESS_REG_B                      ; CLOCK1                                                                 ;
;     -- OUTDATA_REG_B                      ; UNREGISTERED                                                           ;
;     -- RAM_BLOCK_TYPE                     ; M4K                                                                    ;
;     -- READ_DURING_WRITE_MODE_MIXED_PORTS ; DONT_CARE                                                              ;
+-------------------------------------------+------------------------------------------------------------------------+


+--------------------------------------------------------------------------------------------------------------------------------+
; Port Connectivity Checks: "pipemem:mem_stage"                                                                                  ;
+----------------------+--------+----------+-------------------------------------------------------------------------------------+
; Port                 ; Type   ; Severity ; Details                                                                             ;
+----------------------+--------+----------+-------------------------------------------------------------------------------------+
; in_port0[31..6]      ; Input  ; Info     ; Stuck at GND                                                                        ;
; in_port1[31..6]      ; Input  ; Info     ; Stuck at GND                                                                        ;
; write_datamem_enable ; Output ; Info     ; Connected to dangling logic. Logic that only feeds a dangling port will be removed. ;
+----------------------+--------+----------+-------------------------------------------------------------------------------------+


+-------------------------------------------------------------------------------------------------------------------------------------+
; Port Connectivity Checks: "pipeexe:exe_stage|alu:alu_unit"                                                                          ;
+------+--------+----------+----------------------------------------------------------------------------------------------------------+
; Port ; Type   ; Severity ; Details                                                                                                  ;
+------+--------+----------+----------------------------------------------------------------------------------------------------------+
; z    ; Output ; Warning  ; Declared by entity but not connected by instance. Logic that only feeds a dangling port will be removed. ;
+------+--------+----------+----------------------------------------------------------------------------------------------------------+


+-------------------------------+
; Elapsed Time Per Partition    ;
+----------------+--------------+
; Partition Name ; Elapsed Time ;
+----------------+--------------+
; Top            ; 00:00:08     ;
+----------------+--------------+


+-------------------------------+
; Analysis & Synthesis Messages ;
+-------------------------------+
Info: *******************************************************************
Info: Running Quartus II 64-Bit Analysis & Synthesis
    Info: Version 13.0.0 Build 156 04/24/2013 SJ Web Edition
    Info: Processing started: Sat Jun 13 00:28:23 2020
Info: Command: quartus_map --read_settings_files=on --write_settings_files=off pipelined_computer -c pipelined_computer
Warning (20028): Parallel compilation is not licensed and has been disabled
Info (12021): Found 1 design units, including 1 entities, in source file source/pipe_cu.v
    Info (12023): Found entity 1: pipe_cu
Info (12021): Found 1 design units, including 1 entities, in source file source/sc_datamem.v
    Info (12023): Found entity 1: sc_datamem
Info (12021): Found 1 design units, including 1 entities, in source file source/regfile.v
    Info (12023): Found entity 1: regfile
Info (12021): Found 1 design units, including 1 entities, in source file source/pipepc.v
    Info (12023): Found entity 1: pipepc
Info (12021): Found 1 design units, including 1 entities, in source file source/pipemwreg.v
    Info (12023): Found entity 1: pipemwreg
Info (12021): Found 1 design units, including 1 entities, in source file source/pipemem.v
    Info (12023): Found entity 1: pipemem
Info (12021): Found 1 design units, including 1 entities, in source file source/pipeir.v
    Info (12023): Found entity 1: pipeir
Info (12021): Found 1 design units, including 1 entities, in source file source/pipeif.v
    Info (12023): Found entity 1: pipeif
Info (12021): Found 1 design units, including 1 entities, in source file source/pipeid.v
    Info (12023): Found entity 1: pipeid
Info (12021): Found 1 design units, including 1 entities, in source file source/pipeexe.v
    Info (12023): Found entity 1: pipeexe
Info (12021): Found 1 design units, including 1 entities, in source file source/pipeemreg.v
    Info (12023): Found entity 1: pipeemreg
Info (12021): Found 1 design units, including 1 entities, in source file source/pipedereg.v
    Info (12023): Found entity 1: pipedereg
Info (12021): Found 1 design units, including 1 entities, in source file source/mux4x32.v
    Info (12023): Found entity 1: mux4x32
Info (12021): Found 1 design units, including 1 entities, in source file source/mux2x32.v
    Info (12023): Found entity 1: mux2x32
Info (12021): Found 1 design units, including 1 entities, in source file source/mux2x5.v
    Info (12023): Found entity 1: mux2x5
Info (12021): Found 1 design units, including 1 entities, in source file source/lpm_rom_irom.v
    Info (12023): Found entity 1: lpm_rom_irom
Info (12021): Found 1 design units, including 1 entities, in source file source/lpm_ram_dq_dram.v
    Info (12023): Found entity 1: lpm_ram_dq_dram
Info (12021): Found 1 design units, including 1 entities, in source file source/io_output_reg.v
    Info (12023): Found entity 1: io_output_reg
Info (12021): Found 2 design units, including 2 entities, in source file source/io_input_reg.v
    Info (12023): Found entity 1: io_input_reg
    Info (12023): Found entity 2: io_input_mux
Info (12021): Found 1 design units, including 1 entities, in source file source/alu.v
    Info (12023): Found entity 1: alu
Info (12021): Found 1 design units, including 1 entities, in source file source/pipelined_computer.v
    Info (12023): Found entity 1: pipelined_computer
Warning (10236): Verilog HDL Implicit Net warning at pipelined_computer.v(109): created implicit net for "write_datamem_enable"
Info (12127): Elaborating entity "pipelined_computer" for the top level hierarchy
Warning (10036): Verilog HDL or VHDL warning at pipelined_computer.v(25): object "owmem" assigned a value but never read
Info (12128): Elaborating entity "pipepc" for hierarchy "pipepc:prog_cnt"
Info (12128): Elaborating entity "pipeif" for hierarchy "pipeif:if_stage"
Info (12128): Elaborating entity "mux4x32" for hierarchy "pipeif:if_stage|mux4x32:nextpc"
Info (12128): Elaborating entity "lpm_rom_irom" for hierarchy "pipeif:if_stage|lpm_rom_irom:irom"
Info (12128): Elaborating entity "altsyncram" for hierarchy "pipeif:if_stage|lpm_rom_irom:irom|altsyncram:altsyncram_component"
Info (12130): Elaborated megafunction instantiation "pipeif:if_stage|lpm_rom_irom:irom|altsyncram:altsyncram_component"
Info (12133): Instantiated megafunction "pipeif:if_stage|lpm_rom_irom:irom|altsyncram:altsyncram_component" with the following parameter:
    Info (12134): Parameter "clock_enable_input_a" = "BYPASS"
    Info (12134): Parameter "clock_enable_output_a" = "BYPASS"
    Info (12134): Parameter "init_file" = "./source/sc_instmem.mif"
    Info (12134): Parameter "intended_device_family" = "Cyclone II"
    Info (12134): Parameter "lpm_hint" = "ENABLE_RUNTIME_MOD=NO"
    Info (12134): Parameter "lpm_type" = "altsyncram"
    Info (12134): Parameter "maximum_depth" = "256"
    Info (12134): Parameter "numwords_a" = "64"
    Info (12134): Parameter "operation_mode" = "ROM"
    Info (12134): Parameter "outdata_aclr_a" = "NONE"
    Info (12134): Parameter "outdata_reg_a" = "UNREGISTERED"
    Info (12134): Parameter "ram_block_type" = "M4K"
    Info (12134): Parameter "widthad_a" = "6"
    Info (12134): Parameter "width_a" = "32"
    Info (12134): Parameter "width_byteena_a" = "1"
Info (12021): Found 1 design units, including 1 entities, in source file db/altsyncram_mfc1.tdf
    Info (12023): Found entity 1: altsyncram_mfc1
Info (12128): Elaborating entity "altsyncram_mfc1" for hierarchy "pipeif:if_stage|lpm_rom_irom:irom|altsyncram:altsyncram_component|altsyncram_mfc1:auto_generated"
Warning (113031): 10 out of 16 addresses are reinitialized. The latest initialized data will replace the existing data. There are 10 warnings found, and 10 warnings are reported.
    Warning (113030): Memory Initialization File address 0 is reinitialized
    Warning (113030): Memory Initialization File address 1 is reinitialized
    Warning (113030): Memory Initialization File address 2 is reinitialized
    Warning (113030): Memory Initialization File address 3 is reinitialized
    Warning (113030): Memory Initialization File address 4 is reinitialized
    Warning (113030): Memory Initialization File address 5 is reinitialized
    Warning (113030): Memory Initialization File address 6 is reinitialized
    Warning (113030): Memory Initialization File address 7 is reinitialized
    Warning (113030): Memory Initialization File address 8 is reinitialized
    Warning (113030): Memory Initialization File address 9 is reinitialized
Critical Warning (127005): Memory depth (64) in the design file differs from memory depth (16) in the Memory Initialization File "F:/Computer composition/experiment/PIPE_CPU/source/sc_instmem.mif" -- setting initial value for remaining addresses to 0
Info (12128): Elaborating entity "pipeir" for hierarchy "pipeir:inst_reg"
Info (12128): Elaborating entity "pipeid" for hierarchy "pipeid:id_stage"
Info (12128): Elaborating entity "pipe_cu" for hierarchy "pipeid:id_stage|pipe_cu:cu"
Info (12128): Elaborating entity "regfile" for hierarchy "pipeid:id_stage|regfile:rf"
Info (12128): Elaborating entity "mux2x5" for hierarchy "pipeid:id_stage|mux2x5:reg_wn"
Info (12128): Elaborating entity "pipedereg" for hierarchy "pipedereg:de_reg"
Info (12128): Elaborating entity "pipeexe" for hierarchy "pipeexe:exe_stage"
Info (12128): Elaborating entity "alu" for hierarchy "pipeexe:exe_stage|alu:alu_unit"
Warning (10240): Verilog HDL Always Construct warning at alu.v(10): inferring latch(es) for variable "axorb", which holds its previous value in one or more paths through the always construct
Warning (10240): Verilog HDL Always Construct warning at alu.v(10): inferring latch(es) for variable "i", which holds its previous value in one or more paths through the always construct
Info (12128): Elaborating entity "mux2x32" for hierarchy "pipeexe:exe_stage|mux2x32:alu_a"
Info (12128): Elaborating entity "pipeemreg" for hierarchy "pipeemreg:em_reg"
Info (12128): Elaborating entity "pipemem" for hierarchy "pipemem:mem_stage"
Info (12128): Elaborating entity "lpm_ram_dq_dram" for hierarchy "pipemem:mem_stage|lpm_ram_dq_dram:dram"
Info (12128): Elaborating entity "altsyncram" for hierarchy "pipemem:mem_stage|lpm_ram_dq_dram:dram|altsyncram:altsyncram_component"
Info (12130): Elaborated megafunction instantiation "pipemem:mem_stage|lpm_ram_dq_dram:dram|altsyncram:altsyncram_component"
Info (12133): Instantiated megafunction "pipemem:mem_stage|lpm_ram_dq_dram:dram|altsyncram:altsyncram_component" with the following parameter:
    Info (12134): Parameter "clock_enable_input_a" = "BYPASS"
    Info (12134): Parameter "clock_enable_output_a" = "BYPASS"
    Info (12134): Parameter "init_file" = "./source/sc_datamem.mif"
    Info (12134): Parameter "intended_device_family" = "Cyclone II"
    Info (12134): Parameter "lpm_hint" = "ENABLE_RUNTIME_MOD=NO"
    Info (12134): Parameter "lpm_type" = "altsyncram"
    Info (12134): Parameter "numwords_a" = "32"
    Info (12134): Parameter "operation_mode" = "SINGLE_PORT"
    Info (12134): Parameter "outdata_aclr_a" = "NONE"
    Info (12134): Parameter "outdata_reg_a" = "UNREGISTERED"
    Info (12134): Parameter "power_up_uninitialized" = "FALSE"
    Info (12134): Parameter "ram_block_type" = "M4K"
    Info (12134): Parameter "widthad_a" = "5"
    Info (12134): Parameter "width_a" = "32"
    Info (12134): Parameter "width_byteena_a" = "1"
Info (12021): Found 1 design units, including 1 entities, in source file db/altsyncram_3uf1.tdf
    Info (12023): Found entity 1: altsyncram_3uf1
Info (12128): Elaborating entity "altsyncram_3uf1" for hierarchy "pipemem:mem_stage|lpm_ram_dq_dram:dram|altsyncram:altsyncram_component|altsyncram_3uf1:auto_generated"
Info (12128): Elaborating entity "io_output_reg" for hierarchy "pipemem:mem_stage|io_output_reg:io_output_seg"
Info (12128): Elaborating entity "io_input_reg" for hierarchy "pipemem:mem_stage|io_input_reg:io_input_seg"
Info (12128): Elaborating entity "io_input_mux" for hierarchy "pipemem:mem_stage|io_input_reg:io_input_seg|io_input_mux:io_imput_mux2x32"
Info (12128): Elaborating entity "pipemwreg" for hierarchy "pipemwreg:mw_reg"
Warning (12241): 1 hierarchies have connectivity warnings - see the Connectivity Checks report folder
Info (16010): Generating hard_block partition "hard_block:auto_generated_inst"
    Info (16011): Adding 0 node(s), including 0 DDIO, 0 PLL, 0 transceiver and 0 LCELL
Info (21057): Implemented 4947 device resources after synthesis - the final resource count might be different
    Info (21058): Implemented 14 input pins
    Info (21059): Implemented 355 output pins
    Info (21061): Implemented 4514 logic cells
    Info (21064): Implemented 64 RAM segments
Info: Quartus II 64-Bit Analysis & Synthesis was successful. 0 errors, 18 warnings
    Info: Peak virtual memory: 4634 megabytes
    Info: Processing ended: Sat Jun 13 00:28:33 2020
    Info: Elapsed time: 00:00:10
    Info: Total CPU time (on all processors): 00:00:10


